cl : command line  warning D9035: option 'Gm' has been deprecated and will be removed in a future release
  cg_weapons.c
  cg_view.c
  cg_syscalls.c
  cg_snapshot.c
  cg_servercmds.c
  cg_scoreboard.c
  cg_predict.c
  cg_playerstate.c
  cg_players.c
  cg_newdraw.c
C:\dm-ql\code\cgame\cg_newdraw.c(530,43): warning C4013: 'CG_GetSelectedPlayer' undefined; assuming extern returning int
  cg_marks.c
  cg_main.c
  cg_localents.c
  cg_info.c
  cg_event.c
  cg_ents.c
  cg_effects.c
  cg_drawtools.c
  cg_draw.c
  cg_consolecmds.c
  Generating Code...
C:\dm-ql\code\cgame\cg_view.c(466): warning C4700: uninitialized local variable 'fov_x' used
C:\Program Files\Microsoft Visual Studio\2022\Community\MSBuild\Microsoft\VC\v170\Microsoft.CppBuild.targets(1392,5): warning MSB8012: TargetPath(C:\dm-ql\build\win32-msvc\Win32\Debug\cgame.dll) does not match the Linker's OutputFile property value (C:\dm-ql\build\win32-msvc\Win32\Debug\cgamex86.dll). This may cause your project to build incorrectly. To correct this, please make sure that $(OutDir), $(TargetName) and $(TargetExt) property values match the value specified in %(Link.OutputFile).
C:\Program Files\Microsoft Visual Studio\2022\Community\MSBuild\Microsoft\VC\v170\Microsoft.CppBuild.targets(1394,5): warning MSB8012: TargetName(cgame) does not match the Linker's OutputFile property value (cgamex86). This may cause your project to build incorrectly. To correct this, please make sure that $(OutDir), $(TargetName) and $(TargetExt) property values match the value specified in %(Link.OutputFile).
cg_consolecmds.obj : warning LNK4075: ignoring '/EDITANDCONTINUE' due to '/SAFESEH' specification
     Creating library .\Win32\Debug\cgame.lib and object .\Win32\Debug\cgame.exp
cg_consolecmds.obj : error LNK2019: unresolved external symbol _String_Init referenced in function _CG_LoadHud_f
cg_main.obj : error LNK2001: unresolved external symbol _String_Init
cg_consolecmds.obj : error LNK2019: unresolved external symbol _Menu_ScrollFeeder referenced in function _CG_scrollScoresDown_f
cg_consolecmds.obj : error LNK2019: unresolved external symbol _Menu_Reset referenced in function _CG_LoadHud_f
cg_main.obj : error LNK2001: unresolved external symbol _Menu_Reset
cg_draw.obj : error LNK2019: unresolved external symbol _Menu_PaintAll referenced in function _CG_Draw2D
cg_draw.obj : error LNK2019: unresolved external symbol _Menus_FindByName referenced in function _CG_DrawScoreboard
cg_draw.obj : error LNK2019: unresolved external symbol _Menu_Paint referenced in function _CG_DrawScoreboard
cg_main.obj : error LNK2019: unresolved external symbol _Init_Display referenced in function _CG_LoadHudMenu
cg_main.obj : error LNK2019: unresolved external symbol _PC_Float_Parse referenced in function _CG_Asset_Parse
cg_main.obj : error LNK2019: unresolved external symbol _PC_Color_Parse referenced in function _CG_Asset_Parse
cg_main.obj : error LNK2019: unresolved external symbol _PC_Int_Parse referenced in function _CG_Asset_Parse
cg_main.obj : error LNK2019: unresolved external symbol _PC_String_Parse referenced in function _CG_Asset_Parse
cg_main.obj : error LNK2019: unresolved external symbol _Menu_New referenced in function _CG_ParseMenu
cg_main.obj : error LNK2019: unresolved external symbol _Menu_SetFeederSelection referenced in function _CG_SetScoreSelection
cg_newdraw.obj : error LNK2019: unresolved external symbol _Display_CaptureItem referenced in function _CG_KeyEvent
cg_newdraw.obj : error LNK2019: unresolved external symbol _Display_MouseMove referenced in function _CG_MouseEvent
cg_newdraw.obj : error LNK2019: unresolved external symbol _Display_CursorType referenced in function _CG_MouseEvent
cg_newdraw.obj : error LNK2019: unresolved external symbol _Menus_OpenByName referenced in function _CG_ShowTeamMenu
cg_newdraw.obj : error LNK2019: unresolved external symbol _Menus_CloseByName referenced in function _CG_HideTeamMenu
cg_newdraw.obj : error LNK2019: unresolved external symbol _Display_HandleKey referenced in function _CG_KeyEvent
cg_newdraw.obj : error LNK2019: unresolved external symbol _CG_GetSelectedPlayer referenced in function _CG_GetValue
.\Win32\Debug\cgamex86.dll : fatal error LNK1120: 20 unresolved externals
